<?xml version="1.0" encoding="UTF-8"?>
<!-- Generated by org.testng.reporters.JUnitXMLReporter -->
<testsuite ignored="0" hostname="DESKTOP-I5RB4A6" failures="1" tests="1" name="Edge" time="19.42" errors="0" timestamp="2023-03-20T12:00:06 IST">
  <testcase classname="Vtigeroorgnmoduletest.CreateOrgnationWithDataProvider" name="createOrgnationWithData" time="2.303">
    <failure type="org.testng.internal.reflect.MethodMatcherException" message="
[public void Vtigeroorgnmoduletest.CreateOrgnationWithDataProvider.createOrgnationWithData() throws java.lang.InterruptedException,java.io.IOException] has no parameters defined but was found to be using a data provider (either explicitly specified or inherited from class level annotation).
Data provider mismatch
Method: createOrgnationWithData([])
Arguments: [(java.lang.String) orgname,(java.lang.String) wipro]">
      <![CDATA[org.testng.internal.reflect.MethodMatcherException: 
[public void Vtigeroorgnmoduletest.CreateOrgnationWithDataProvider.createOrgnationWithData() throws java.lang.InterruptedException,java.io.IOException] has no parameters defined but was found to be using a data provider (either explicitly specified or inherited from class level annotation).
Data provider mismatch
Method: createOrgnationWithData([])
Arguments: [(java.lang.String) orgname,(java.lang.String) wipro]
at java.base/java.util.ArrayList.forEach(ArrayList.java:1511)
at java.base/java.util.concurrent.FutureTask.run(FutureTask.java:264)
at java.base/java.util.concurrent.ThreadPoolExecutor.runWorker(ThreadPoolExecutor.java:1136)
at java.base/java.util.concurrent.ThreadPoolExecutor$Worker.run(ThreadPoolExecutor.java:635)
at java.base/java.lang.Thread.run(Thread.java:833)
... Removed 13 stack frames]]>
    </failure>
  </testcase> <!-- createOrgnationWithData -->
</testsuite> <!-- Edge -->
