<?xml version="1.0" encoding="UTF-8"?>
<!-- Generated by org.testng.reporters.JUnitXMLReporter -->
<testsuite ignored="0" hostname="DESKTOP-I5RB4A6" failures="1" tests="2" name="Test" time="26.054" errors="0" timestamp="2023-03-20T19:55:44 IST">
  <testcase classname="practice.ASS1_test" name="Ass_2" time="11.692">
    <failure type="java.lang.AssertionError" message="null">
      <![CDATA[java.lang.AssertionError: null
at practice.ASS1_test.Ass_2(ASS1_test.java:30)
at java.base/java.util.ArrayList.forEach(ArrayList.java:1511)
... Removed 29 stack frames]]>
    </failure>
  </testcase> <!-- Ass_2 -->
  <testcase classname="practice.ASS1_test" name="demo" time="0.002"/>
</testsuite> <!-- Test -->
