<?xml version="1.0" encoding="UTF-8"?>
<testng-results ignored="0" total="1" passed="1" failed="0" skipped="0">
  <reporter-output>
  </reporter-output>
  <suite started-at="2023-03-25T17:06:17 IST" name="Default suite" finished-at="2023-03-25T17:06:37 IST" duration-ms="20232">
    <groups>
    </groups>
    <test started-at="2023-03-25T17:06:17 IST" name="Default test" finished-at="2023-03-25T17:06:37 IST" duration-ms="20232">
      <class name="Vtigeroorgnmoduletest.CreateOragnitionstest">
        <test-method is-config="true" signature="Connectiondataase()[pri:0, instance:Vtigeroorgnmoduletest.CreateOragnitionstest@55183b20]" started-at="2023-03-25T17:06:17 IST" name="Connectiondataase" finished-at="2023-03-25T17:06:17 IST" duration-ms="7" status="PASS">
          <reporter-output>
          </reporter-output>
        </test-method> <!-- Connectiondataase -->
        <test-method is-config="true" signature="lanchthebrowser()[pri:0, instance:Vtigeroorgnmoduletest.CreateOragnitionstest@55183b20]" started-at="2023-03-25T17:06:17 IST" name="lanchthebrowser" finished-at="2023-03-25T17:06:22 IST" duration-ms="5247" status="PASS">
          <reporter-output>
          </reporter-output>
        </test-method> <!-- lanchthebrowser -->
        <test-method is-config="true" signature="loginpage()[pri:0, instance:Vtigeroorgnmoduletest.CreateOragnitionstest@55183b20]" started-at="2023-03-25T17:06:22 IST" name="loginpage" finished-at="2023-03-25T17:06:25 IST" duration-ms="2563" status="PASS">
          <reporter-output>
          </reporter-output>
        </test-method> <!-- loginpage -->
        <test-method signature="CreOrg()[pri:0, instance:Vtigeroorgnmoduletest.CreateOragnitionstest@55183b20]" started-at="2023-03-25T17:06:25 IST" name="CreOrg" finished-at="2023-03-25T17:06:36 IST" duration-ms="10777" status="PASS">
          <reporter-output>
          </reporter-output>
        </test-method> <!-- CreOrg -->
        <test-method is-config="true" signature="Logut()[pri:0, instance:Vtigeroorgnmoduletest.CreateOragnitionstest@55183b20]" started-at="2023-03-25T17:06:36 IST" name="Logut" finished-at="2023-03-25T17:06:37 IST" duration-ms="1238" status="PASS">
          <reporter-output>
          </reporter-output>
        </test-method> <!-- Logut -->
        <test-method is-config="true" signature="closebrowser()[pri:0, instance:Vtigeroorgnmoduletest.CreateOragnitionstest@55183b20]" started-at="2023-03-25T17:06:37 IST" name="closebrowser" finished-at="2023-03-25T17:06:37 IST" duration-ms="342" status="PASS">
          <reporter-output>
          </reporter-output>
        </test-method> <!-- closebrowser -->
        <test-method is-config="true" signature="closedatabase()[pri:0, instance:Vtigeroorgnmoduletest.CreateOragnitionstest@55183b20]" started-at="2023-03-25T17:06:37 IST" name="closedatabase" finished-at="2023-03-25T17:06:37 IST" duration-ms="0" status="PASS">
          <reporter-output>
          </reporter-output>
        </test-method> <!-- closedatabase -->
      </class> <!-- Vtigeroorgnmoduletest.CreateOragnitionstest -->
    </test> <!-- Default test -->
  </suite> <!-- Default suite -->
</testng-results>
